2020-08-30 08:27:58,409 WARNING [default] Unable to locate file for skin1 (C:\Users\Peter Tieu\Documents\BIT\Deakin\5 - Units\2020\Trimester 2\SIT102 - Introduction To Programming\Assessments\Week 7\7.4D - Custom Program\Code\Resources\images\skin1.png)
2020-08-30 08:27:58,410 WARNING [default] Unable to locate file for skin2 (C:\Users\Peter Tieu\Documents\BIT\Deakin\5 - Units\2020\Trimester 2\SIT102 - Introduction To Programming\Assessments\Week 7\7.4D - Custom Program\Code\Resources\images\skin2.png)
2020-08-30 08:27:58,411 WARNING [default] Unable to locate file for skin3 (C:\Users\Peter Tieu\Documents\BIT\Deakin\5 - Units\2020\Trimester 2\SIT102 - Introduction To Programming\Assessments\Week 7\7.4D - Custom Program\Code\Resources\images\skin3.png)
2020-08-30 08:27:58,411 WARNING [default] Unable to locate file for pawn (C:\Users\Peter Tieu\Documents\BIT\Deakin\5 - Units\2020\Trimester 2\SIT102 - Introduction To Programming\Assessments\Week 7\7.4D - Custom Program\Code\Resources\images\pawn.png)
2020-08-30 08:27:58,412 WARNING [default] Unable to locate file for knight (C:\Users\Peter Tieu\Documents\BIT\Deakin\5 - Units\2020\Trimester 2\SIT102 - Introduction To Programming\Assessments\Week 7\7.4D - Custom Program\Code\Resources\images\knight.png)
2020-08-30 08:29:45,898 WARNING [default] Unable to locate file for skin1 (C:\Users\Peter Tieu\Documents\BIT\Deakin\5 - Units\2020\Trimester 2\SIT102 - Introduction To Programming\Assessments\Week 7\7.4D - Custom Program\Code\Resources\images\skin1.png)
2020-08-30 08:29:45,898 WARNING [default] Unable to locate file for skin2 (C:\Users\Peter Tieu\Documents\BIT\Deakin\5 - Units\2020\Trimester 2\SIT102 - Introduction To Programming\Assessments\Week 7\7.4D - Custom Program\Code\Resources\images\skin2.png)
2020-08-30 08:29:45,898 WARNING [default] Unable to locate file for skin3 (C:\Users\Peter Tieu\Documents\BIT\Deakin\5 - Units\2020\Trimester 2\SIT102 - Introduction To Programming\Assessments\Week 7\7.4D - Custom Program\Code\Resources\images\skin3.png)
2020-08-30 09:00:22,763 WARNING [default] Unable to locate file for skin1 (C:\Users\Peter Tieu\Documents\BIT\Deakin\5 - Units\2020\Trimester 2\SIT102 - Introduction To Programming\Assessments\Week 7\7.4D - Custom Program\Code\Resources\images\skin1.png)
2020-08-30 09:00:34,708 WARNING [default] Unable to locate file for skin1 (C:\Users\Peter Tieu\Documents\BIT\Deakin\5 - Units\2020\Trimester 2\SIT102 - Introduction To Programming\Assessments\Week 7\7.4D - Custom Program\Code\Resources\images\skin1.png)
2020-08-30 09:00:54,473 WARNING [default] Unable to locate file for skin1 (C:\Users\Peter Tieu\Documents\BIT\Deakin\5 - Units\2020\Trimester 2\SIT102 - Introduction To Programming\Assessments\Week 7\7.4D - Custom Program\Code\Resources\images\skin1.png)
2020-08-30 09:01:13,166 WARNING [default] Unable to locate file for skin1 (C:\Users\Peter Tieu\Documents\BIT\Deakin\5 - Units\2020\Trimester 2\SIT102 - Introduction To Programming\Assessments\Week 7\7.4D - Custom Program\Code\Resources\images\skin1.png)
2020-08-30 09:01:34,478 WARNING [default] Unable to locate file for skin1 (C:\Users\Peter Tieu\Documents\BIT\Deakin\5 - Units\2020\Trimester 2\SIT102 - Introduction To Programming\Assessments\Week 7\7.4D - Custom Program\Code\Resources\images\skin1.png)
2020-08-30 09:04:36,179 WARNING [default] Unable to locate file for skin1 (C:\Users\Peter Tieu\Documents\BIT\Deakin\5 - Units\2020\Trimester 2\SIT102 - Introduction To Programming\Assessments\Week 7\7.4D - Custom Program\Code\Resources\images\skin1.png)
2020-09-17 09:40:39,609 WARNING [default] Unable to locate file for button_start_game_unselected (C:\Users\Peter Tieu\Documents\BIT\Deakin\5 - Units\2020\Trimester 2\SIT102 - Introduction To Programming\Assessments\Week 9\9.5H - Something Awesome\1 - Extension of Battlestar\Code (Post Extension)\Resources\images\button_start_game_unselected.png)
2020-09-17 09:40:39,609 WARNING [default] Unable to locate file for button_hiscores_unselected (C:\Users\Peter Tieu\Documents\BIT\Deakin\5 - Units\2020\Trimester 2\SIT102 - Introduction To Programming\Assessments\Week 9\9.5H - Something Awesome\1 - Extension of Battlestar\Code (Post Extension)\Resources\images\button_hiscores_unselected.png)
2020-09-17 09:40:39,610 WARNING [default] Unable to locate file for button_settings_unselected (C:\Users\Peter Tieu\Documents\BIT\Deakin\5 - Units\2020\Trimester 2\SIT102 - Introduction To Programming\Assessments\Week 9\9.5H - Something Awesome\1 - Extension of Battlestar\Code (Post Extension)\Resources\images\button_settings_unselected.png)
2020-09-17 09:40:39,610 WARNING [default] Unable to locate file for button_start_game_selected (C:\Users\Peter Tieu\Documents\BIT\Deakin\5 - Units\2020\Trimester 2\SIT102 - Introduction To Programming\Assessments\Week 9\9.5H - Something Awesome\1 - Extension of Battlestar\Code (Post Extension)\Resources\images\button_start_game_selected.png)
2020-09-17 09:40:39,610 WARNING [default] Unable to locate file for button_hiscores_selected (C:\Users\Peter Tieu\Documents\BIT\Deakin\5 - Units\2020\Trimester 2\SIT102 - Introduction To Programming\Assessments\Week 9\9.5H - Something Awesome\1 - Extension of Battlestar\Code (Post Extension)\Resources\images\button_hiscores_selected.png)
2020-09-17 09:40:39,611 WARNING [default] Unable to locate file for button_settings_selected (C:\Users\Peter Tieu\Documents\BIT\Deakin\5 - Units\2020\Trimester 2\SIT102 - Introduction To Programming\Assessments\Week 9\9.5H - Something Awesome\1 - Extension of Battlestar\Code (Post Extension)\Resources\images\button_settings_selected.png)
2020-09-17 09:42:54,149 WARNING [default] Unable to locate file for button_start_game_unselected (C:\Users\Peter Tieu\Documents\BIT\Deakin\5 - Units\2020\Trimester 2\SIT102 - Introduction To Programming\Assessments\Week 9\9.5H - Something Awesome\1 - Extension of Battlestar\Code (Post Extension)\Resources\images\button_start_game_unselected.png)
2020-09-17 09:42:54,150 WARNING [default] Unable to locate file for button_hiscores_unselected (C:\Users\Peter Tieu\Documents\BIT\Deakin\5 - Units\2020\Trimester 2\SIT102 - Introduction To Programming\Assessments\Week 9\9.5H - Something Awesome\1 - Extension of Battlestar\Code (Post Extension)\Resources\images\button_hiscores_unselected.png)
2020-09-17 09:42:54,150 WARNING [default] Unable to locate file for button_settings_unselected (C:\Users\Peter Tieu\Documents\BIT\Deakin\5 - Units\2020\Trimester 2\SIT102 - Introduction To Programming\Assessments\Week 9\9.5H - Something Awesome\1 - Extension of Battlestar\Code (Post Extension)\Resources\images\button_settings_unselected.png)
2020-09-17 09:42:54,150 WARNING [default] Unable to locate file for button_start_game_selected (C:\Users\Peter Tieu\Documents\BIT\Deakin\5 - Units\2020\Trimester 2\SIT102 - Introduction To Programming\Assessments\Week 9\9.5H - Something Awesome\1 - Extension of Battlestar\Code (Post Extension)\Resources\images\button_start_game_selected.png)
2020-09-17 09:42:54,150 WARNING [default] Unable to locate file for button_hiscores_selected (C:\Users\Peter Tieu\Documents\BIT\Deakin\5 - Units\2020\Trimester 2\SIT102 - Introduction To Programming\Assessments\Week 9\9.5H - Something Awesome\1 - Extension of Battlestar\Code (Post Extension)\Resources\images\button_hiscores_selected.png)
2020-09-17 09:42:54,150 WARNING [default] Unable to locate file for button_settings_selected (C:\Users\Peter Tieu\Documents\BIT\Deakin\5 - Units\2020\Trimester 2\SIT102 - Introduction To Programming\Assessments\Week 9\9.5H - Something Awesome\1 - Extension of Battlestar\Code (Post Extension)\Resources\images\button_settings_selected.png)
2020-09-17 09:43:01,417 WARNING [default] Unable to locate file for button_start_game_unselected (C:\Users\Peter Tieu\Documents\BIT\Deakin\5 - Units\2020\Trimester 2\SIT102 - Introduction To Programming\Assessments\Week 9\9.5H - Something Awesome\1 - Extension of Battlestar\Code (Post Extension)\Resources\images\button_start_game_unselected.png)
2020-09-17 09:43:01,417 WARNING [default] Unable to locate file for button_hiscores_unselected (C:\Users\Peter Tieu\Documents\BIT\Deakin\5 - Units\2020\Trimester 2\SIT102 - Introduction To Programming\Assessments\Week 9\9.5H - Something Awesome\1 - Extension of Battlestar\Code (Post Extension)\Resources\images\button_hiscores_unselected.png)
2020-09-17 09:43:01,417 WARNING [default] Unable to locate file for button_settings_unselected (C:\Users\Peter Tieu\Documents\BIT\Deakin\5 - Units\2020\Trimester 2\SIT102 - Introduction To Programming\Assessments\Week 9\9.5H - Something Awesome\1 - Extension of Battlestar\Code (Post Extension)\Resources\images\button_settings_unselected.png)
2020-09-17 09:43:01,417 WARNING [default] Unable to locate file for button_start_game_selected (C:\Users\Peter Tieu\Documents\BIT\Deakin\5 - Units\2020\Trimester 2\SIT102 - Introduction To Programming\Assessments\Week 9\9.5H - Something Awesome\1 - Extension of Battlestar\Code (Post Extension)\Resources\images\button_start_game_selected.png)
2020-09-17 09:43:01,418 WARNING [default] Unable to locate file for button_hiscores_selected (C:\Users\Peter Tieu\Documents\BIT\Deakin\5 - Units\2020\Trimester 2\SIT102 - Introduction To Programming\Assessments\Week 9\9.5H - Something Awesome\1 - Extension of Battlestar\Code (Post Extension)\Resources\images\button_hiscores_selected.png)
2020-09-17 09:43:01,418 WARNING [default] Unable to locate file for button_settings_selected (C:\Users\Peter Tieu\Documents\BIT\Deakin\5 - Units\2020\Trimester 2\SIT102 - Introduction To Programming\Assessments\Week 9\9.5H - Something Awesome\1 - Extension of Battlestar\Code (Post Extension)\Resources\images\button_settings_selected.png)
2020-09-17 09:43:52,122 WARNING [default] Unable to locate file for button_start_game_unselected (C:\Users\Peter Tieu\Documents\BIT\Deakin\5 - Units\2020\Trimester 2\SIT102 - Introduction To Programming\Assessments\Week 9\9.5H - Something Awesome\1 - Extension of Battlestar\Code (Post Extension)\Resources\images\button_start_game_unselected.png)
2020-09-17 09:43:52,122 WARNING [default] Unable to locate file for button_hiscores_unselected (C:\Users\Peter Tieu\Documents\BIT\Deakin\5 - Units\2020\Trimester 2\SIT102 - Introduction To Programming\Assessments\Week 9\9.5H - Something Awesome\1 - Extension of Battlestar\Code (Post Extension)\Resources\images\button_hiscores_unselected.png)
2020-09-17 09:43:52,122 WARNING [default] Unable to locate file for button_settings_unselected (C:\Users\Peter Tieu\Documents\BIT\Deakin\5 - Units\2020\Trimester 2\SIT102 - Introduction To Programming\Assessments\Week 9\9.5H - Something Awesome\1 - Extension of Battlestar\Code (Post Extension)\Resources\images\button_settings_unselected.png)
2020-09-17 09:43:52,123 WARNING [default] Unable to locate file for button_start_game_selected (C:\Users\Peter Tieu\Documents\BIT\Deakin\5 - Units\2020\Trimester 2\SIT102 - Introduction To Programming\Assessments\Week 9\9.5H - Something Awesome\1 - Extension of Battlestar\Code (Post Extension)\Resources\images\button_start_game_selected.png)
2020-09-17 09:43:52,123 WARNING [default] Unable to locate file for button_hiscores_selected (C:\Users\Peter Tieu\Documents\BIT\Deakin\5 - Units\2020\Trimester 2\SIT102 - Introduction To Programming\Assessments\Week 9\9.5H - Something Awesome\1 - Extension of Battlestar\Code (Post Extension)\Resources\images\button_hiscores_selected.png)
2020-09-17 09:43:52,123 WARNING [default] Unable to locate file for button_settings_selected (C:\Users\Peter Tieu\Documents\BIT\Deakin\5 - Units\2020\Trimester 2\SIT102 - Introduction To Programming\Assessments\Week 9\9.5H - Something Awesome\1 - Extension of Battlestar\Code (Post Extension)\Resources\images\button_settings_selected.png)
2020-09-17 12:40:50,949 WARNING [default] Failed to read int from column 0. Ensure query succeeded, there is a row ready to read, and there are sufficient columns.
2020-09-17 12:41:14,798 WARNING [default] Failed to read int from column 0. Ensure query succeeded, there is a row ready to read, and there are sufficient columns.
2020-09-17 12:42:34,653 WARNING [default] Failed to read int from column 0. Ensure query succeeded, there is a row ready to read, and there are sufficient columns.
2020-09-17 12:43:18,420 WARNING [default] Attempting to run query on invalid database.
2020-09-17 12:43:18,420 WARNING [default] Attempting to access invalid query to read row.
2020-09-17 12:43:44,770 WARNING [default] Failed to read int from column 0. Ensure query succeeded, there is a row ready to read, and there are sufficient columns.
2020-09-17 12:44:55,708 WARNING [default] Failed to read int from column 0. Ensure query succeeded, there is a row ready to read, and there are sufficient columns.
2020-09-17 12:45:09,119 WARNING [default] Failed to read int from column 1. Ensure query succeeded, there is a row ready to read, and there are sufficient columns.
2020-09-17 12:46:02,285 WARNING [default] Failed to read int from column 1. Ensure query succeeded, there is a row ready to read, and there are sufficient columns.
2020-09-17 12:46:11,383 WARNING [default] Failed to read int from column 0. Ensure query succeeded, there is a row ready to read, and there are sufficient columns.
2020-09-17 12:52:22,726 WARNING [default] Failed to read int from column 0. Ensure query succeeded, there is a row ready to read, and there are sufficient columns.
2020-09-17 12:52:53,077 WARNING [default] Failed to read int from column 0. Ensure query succeeded, there is a row ready to read, and there are sufficient columns.
2020-09-17 12:53:08,236 WARNING [default] Failed to read int from column 1. Ensure query succeeded, there is a row ready to read, and there are sufficient columns.
2020-09-17 12:53:26,597 WARNING [default] Failed to read int from column 1. Ensure query succeeded, there is a row ready to read, and there are sufficient columns.
2020-09-17 12:54:48,518 WARNING [default] Failed to read int from column 1. Ensure query succeeded, there is a row ready to read, and there are sufficient columns.
2020-09-17 12:56:07,702 WARNING [default] Failed to read int from column 1. Ensure query succeeded, there is a row ready to read, and there are sufficient columns.
2020-09-17 12:56:25,003 WARNING [default] Failed to read int from column 0. Ensure query succeeded, there is a row ready to read, and there are sufficient columns.
2020-09-17 12:56:57,727 WARNING [default] Failed to read int from column 0. Ensure query succeeded, there is a row ready to read, and there are sufficient columns.
2020-09-17 12:57:23,193 WARNING [default] Failed to read int from column 0. Ensure query succeeded, there is a row ready to read, and there are sufficient columns.
